==================================================
Starting refresh: Wed Apr  8 22:22:33 EDT 2026
Repo: /Users/danielfulk/GitHub/Personal-S26-TeamA3-App-Repo-
PROJECT_ROOT: /Users/danielfulk/GitHub/Personal-S26-TeamA3-App-Repo-
SCRAPERS_ROOT: /Users/danielfulk/GitHub/Personal-S26-TeamA3-App-Repo-/SCRAPERS
APP_DATA_DIR: /Users/danielfulk/GitHub/Personal-S26-TeamA3-App-Repo-/APP/data
Attendance refresh complete: /Users/danielfulk/GitHub/Personal-S26-TeamA3-App-Repo-/SCRAPERS/GoHeels_Attendance_Scraper/unc_baseball_final.csv
Copied refreshed GoHeels CSV -> /Users/danielfulk/GitHub/Personal-S26-TeamA3-App-Repo-/SCRAPERS/Game_Stat_Scraper/data/unc_baseball_final.csv
Performance refresh complete: /Users/danielfulk/GitHub/Personal-S26-TeamA3-App-Repo-/SCRAPERS/Game_Stat_Scraper/exports/uncbaseball_season_performance_0331.csv
Midseason scoring refresh complete.
  wrote: /Users/danielfulk/GitHub/Personal-S26-TeamA3-App-Repo-/APP/data/db_predictions_2024_2026_full_df.csv
  wrote: /Users/danielfulk/GitHub/Personal-S26-TeamA3-App-Repo-/APP/data/db_predictions_2024_2026_tier3_raw_tier_cols.csv
  wrote: /Users/danielfulk/GitHub/Personal-S26-TeamA3-App-Repo-/APP/data/db_predictions_2024_2026_tier3_final_feats_export.csv

Running sanity checks...
db_predictions_2024_2026_full_df.csv: shape=(104, 132)
season_year
2024.0    40
2025.0    38
2026.0    26
Name: count, dtype: int64
db_predictions_2024_2026_tier3_raw_tier_cols.csv: shape=(104, 78)
season_year
2024.0    40
2025.0    38
2026.0    26
Name: count, dtype: int64
db_predictions_2024_2026_tier3_final_feats_export.csv: shape=(104, 43)
season_year
2024.0    40
2025.0    38
2026.0    26
Name: count, dtype: int64

Committing and pushing updated app data files...

>>> Running: git add APP/data/db_predictions_2024_2026_full_df.csv APP/data/db_predictions_2024_2026_tier3_raw_tier_cols.csv APP/data/db_predictions_2024_2026_tier3_final_feats_export.csv

No changes detected in staged app data files. Nothing to commit.

Refresh pipeline completed successfully.
Finished refresh: Wed Apr  8 22:26:50 EDT 2026
==================================================
==================================================
Starting refresh: Thu Apr  9 05:30:05 EDT 2026
Repo: /Users/danielfulk/GitHub/Personal-S26-TeamA3-App-Repo-
PROJECT_ROOT: /Users/danielfulk/GitHub/Personal-S26-TeamA3-App-Repo-
SCRAPERS_ROOT: /Users/danielfulk/GitHub/Personal-S26-TeamA3-App-Repo-/SCRAPERS
APP_DATA_DIR: /Users/danielfulk/GitHub/Personal-S26-TeamA3-App-Repo-/APP/data
Attendance refresh complete: /Users/danielfulk/GitHub/Personal-S26-TeamA3-App-Repo-/SCRAPERS/GoHeels_Attendance_Scraper/unc_baseball_final.csv
Copied refreshed GoHeels CSV -> /Users/danielfulk/GitHub/Personal-S26-TeamA3-App-Repo-/SCRAPERS/Game_Stat_Scraper/data/unc_baseball_final.csv
Performance refresh complete: /Users/danielfulk/GitHub/Personal-S26-TeamA3-App-Repo-/SCRAPERS/Game_Stat_Scraper/exports/uncbaseball_season_performance_0331.csv
Midseason scoring refresh complete.
  wrote: /Users/danielfulk/GitHub/Personal-S26-TeamA3-App-Repo-/APP/data/db_predictions_2024_2026_full_df.csv
  wrote: /Users/danielfulk/GitHub/Personal-S26-TeamA3-App-Repo-/APP/data/db_predictions_2024_2026_tier3_raw_tier_cols.csv
  wrote: /Users/danielfulk/GitHub/Personal-S26-TeamA3-App-Repo-/APP/data/db_predictions_2024_2026_tier3_final_feats_export.csv

Running sanity checks...
db_predictions_2024_2026_full_df.csv: shape=(104, 132)
season_year
2024.0    40
2025.0    38
2026.0    26
Name: count, dtype: int64
db_predictions_2024_2026_tier3_raw_tier_cols.csv: shape=(104, 78)
season_year
2024.0    40
2025.0    38
2026.0    26
Name: count, dtype: int64
db_predictions_2024_2026_tier3_final_feats_export.csv: shape=(104, 43)
season_year
2024.0    40
2025.0    38
2026.0    26
Name: count, dtype: int64

Committing and pushing updated app data files...

>>> Running: git add APP/data/db_predictions_2024_2026_full_df.csv APP/data/db_predictions_2024_2026_tier3_raw_tier_cols.csv APP/data/db_predictions_2024_2026_tier3_final_feats_export.csv

No changes detected in staged app data files. Nothing to commit.

Refresh pipeline completed successfully.
Finished refresh: Thu Apr  9 05:34:01 EDT 2026
==================================================
